#
# There is insufficient memory for the Java Runtime Environment to continue.
# Native memory allocation (malloc) failed to allocate 346432 bytes for Chunk::new
# Possible reasons:
#   The system is out of physical RAM or swap space
#   In 32 bit mode, the process size limit was hit
# Possible solutions:
#   Reduce memory load on the system
#   Increase physical memory or swap space
#   Check if swap backing store is full
#   Use 64 bit Java on a 64 bit OS
#   Decrease Java heap size (-Xmx/-Xms)
#   Decrease number of Java threads
#   Decrease Java thread stack sizes (-Xss)
#   Set larger code cache with -XX:ReservedCodeCacheSize=
# This output file may be truncated or incomplete.
#
#  Out of Memory Error (allocation.cpp:390), pid=15292, tid=0x0000000000000998
#
# JRE version: Java(TM) SE Runtime Environment (8.0_131-b11) (build 1.8.0_131-b11)
# Java VM: Java HotSpot(TM) 64-Bit Server VM (25.131-b11 mixed mode windows-amd64 compressed oops)
# Failed to write core dump. Minidumps are not enabled by default on client versions of Windows
#

---------------  T H R E A D  ---------------

Current thread (0x000000001a582000):  JavaThread "C2 CompilerThread1" daemon [_thread_in_native, id=2456, stack(0x000000001ada0000,0x000000001aea0000)]

Stack: [0x000000001ada0000,0x000000001aea0000]
[error occurred during error reporting (printing stack bounds), id 0xc0000005]

Native frames: (J=compiled Java code, j=interpreted, Vv=VM code, C=native code)


Current CompileTask:
C2:   2630  816   !   4       com.sun.imageio.plugins.png.PNGImageReader::decodePass (1201 bytes)


---------------  P R O C E S S  ---------------

Java Threads: ( => current thread )
  0x0000000003572800 JavaThread "DestroyJavaVM" [_thread_blocked, id=18588, stack(0x0000000003370000,0x0000000003470000)]
  0x000000001b488000 JavaThread "Thread-2" [_thread_blocked, id=19424, stack(0x000000001c9d0000,0x000000001cad0000)]
  0x000000001b479800 JavaThread "AWT-EventQueue-0" [_thread_blocked, id=17868, stack(0x000000001c7d0000,0x000000001c8d0000)]
  0x000000001b406000 JavaThread "AWT-Windows" daemon [_thread_in_native, id=8156, stack(0x000000001bd50000,0x000000001be50000)]
  0x000000001b405000 JavaThread "AWT-Shutdown" [_thread_blocked, id=17540, stack(0x000000001bc50000,0x000000001bd50000)]
  0x000000001b412800 JavaThread "Java2D Disposer" daemon [_thread_blocked, id=11244, stack(0x000000001bb50000,0x000000001bc50000)]
  0x000000001a5fd800 JavaThread "Service Thread" daemon [_thread_blocked, id=5212, stack(0x000000001b0a0000,0x000000001b1a0000)]
  0x000000001a58d000 JavaThread "C1 CompilerThread3" daemon [_thread_blocked, id=16708, stack(0x000000001afa0000,0x000000001b0a0000)]
  0x000000001a588000 JavaThread "C2 CompilerThread2" daemon [_thread_blocked, id=19564, stack(0x000000001aea0000,0x000000001afa0000)]
=>0x000000001a582000 JavaThread "C2 CompilerThread1" daemon [_thread_in_native, id=2456, stack(0x000000001ada0000,0x000000001aea0000)]
  0x000000001a581800 JavaThread "C2 CompilerThread0" daemon [_thread_blocked, id=11752, stack(0x000000001aca0000,0x000000001ada0000)]
  0x000000001a575000 JavaThread "Monitor Ctrl-Break" daemon [_thread_in_native, id=15968, stack(0x000000001aba0000,0x000000001aca0000)]
  0x000000001a4d7800 JavaThread "Attach Listener" daemon [_thread_blocked, id=13044, stack(0x000000001aaa0000,0x000000001aba0000)]
  0x000000001a530800 JavaThread "Signal Dispatcher" daemon [_thread_blocked, id=18048, stack(0x000000001a9a0000,0x000000001aaa0000)]
  0x000000001a4c0800 JavaThread "Finalizer" daemon [_thread_blocked, id=19912, stack(0x000000001a8a0000,0x000000001a9a0000)]
  0x000000000366a000 JavaThread "Reference Handler" daemon [_thread_blocked, id=1768, stack(0x000000001a3a0000,0x000000001a4a0000)]

Other Threads:
  0x00000000185d8800 VMThread [stack: 0x000000001a2a0000,0x000000001a3a0000] [id=1668]
  0x000000001a64a800 WatcherThread [stack: 0x000000001b1a0000,0x000000001b2a0000] [id=12912]

VM state:not at safepoint (normal execution)

VM Mutex/Monitor currently owned by a thread: None

Heap:
 PSYoungGen      total 38400K, used 22512K [0x00000000d5f80000, 0x00000000d8a00000, 0x0000000100000000)
  eden space 33280K, 53% used [0x00000000d5f80000,0x00000000d70e6f78,0x00000000d8000000)
  from space 5120K, 91% used [0x00000000d8500000,0x00000000d8995250,0x00000000d8a00000)
  to   space 5120K, 0% used [0x00000000d8000000,0x00000000d8000000,0x00000000d8500000)
 ParOldGen       total 87552K, used 2836K [0x0000000081e00000, 0x0000000087380000, 0x00000000d5f80000)
  object space 87552K, 3% used [0x0000000081e00000,0x00000000820c5220,0x0000000087380000)
 Metaspace       used 9806K, capacity 9962K, committed 10240K, reserved 1058816K
  class space    used 1112K, capacity 1182K, committed 1280K, reserved 1048576K

Card table byte_map: [0x0000000012a30000,0x0000000012e30000] byte_map_base: 0x0000000012621000

Marking Bits: (ParMarkBitMap*) 0x000000005ebbc720
 Begin Bits: [0x00000000138e0000, 0x0000000015868000)
 End Bits:   [0x0000000015868000, 0x00000000177f0000)

Polling page: 0x0000000002db0000

CodeCache: size=245760Kb used=3179Kb max_used=3184Kb free=242580Kb
 bounds [0x0000000003670000, 0x0000000003990000, 0x0000000012670000]
 total_blobs=1261 nmethods=822 adapters=352
 compilation: enabled

Compilation events (10 events):
Event: 2.590 Thread 0x000000001a58d000  818       3       java.security.ProtectionDomain$JavaSecurityAccessImpl::getCombinedACC (30 bytes)
Event: 2.590 Thread 0x000000001a58d000 nmethod 818 0x000000000397d090 code [0x000000000397d220, 0x000000000397d738]
Event: 2.590 Thread 0x000000001a58d000  819       1       java.awt.EventQueue::access$400 (5 bytes)
Event: 2.590 Thread 0x000000001a58d000 nmethod 819 0x0000000003981110 code [0x0000000003981260, 0x0000000003981350]
Event: 2.609 Thread 0x000000001a58d000  820       1       java.awt.EventDispatchThread$1::evaluate (2 bytes)
Event: 2.609 Thread 0x000000001a58d000 nmethod 820 0x0000000003980e50 code [0x0000000003980fa0, 0x00000000039810b0]
Event: 2.609 Thread 0x000000001a58d000  821  s    1       java.awt.EventDispatchThread::getEventQueue (5 bytes)
Event: 2.609 Thread 0x000000001a58d000 nmethod 821 0x0000000003980a10 code [0x0000000003980b60, 0x0000000003980dd0]
Event: 2.624 Thread 0x000000001a58d000  822       3       java.awt.EventQueue::eventToCacheIndex (80 bytes)
Event: 2.624 Thread 0x000000001a58d000 nmethod 822 0x0000000003980310 code [0x0000000003980480, 0x0000000003980950]

GC Heap History (4 events):
Event: 1.194 GC heap before
{Heap before GC invocations=1 (full 0):
 PSYoungGen      total 38400K, used 33280K [0x00000000d5f80000, 0x00000000d8a00000, 0x0000000100000000)
  eden space 33280K, 100% used [0x00000000d5f80000,0x00000000d8000000,0x00000000d8000000)
  from space 5120K, 0% used [0x00000000d8500000,0x00000000d8500000,0x00000000d8a00000)
  to   space 5120K, 0% used [0x00000000d8000000,0x00000000d8000000,0x00000000d8500000)
 ParOldGen       total 87552K, used 0K [0x0000000081e00000, 0x0000000087380000, 0x00000000d5f80000)
  object space 87552K, 0% used [0x0000000081e00000,0x0000000081e00000,0x0000000087380000)
 Metaspace       used 9602K, capacity 9770K, committed 9984K, reserved 1058816K
  class space    used 1112K, capacity 1182K, committed 1280K, reserved 1048576K
Event: 1.198 GC heap after
Heap after GC invocations=1 (full 0):
 PSYoungGen      total 38400K, used 4825K [0x00000000d5f80000, 0x00000000d8a00000, 0x0000000100000000)
  eden space 33280K, 0% used [0x00000000d5f80000,0x00000000d5f80000,0x00000000d8000000)
  from space 5120K, 94% used [0x00000000d8000000,0x00000000d84b6730,0x00000000d8500000)
  to   space 5120K, 0% used [0x00000000d8500000,0x00000000d8500000,0x00000000d8a00000)
 ParOldGen       total 87552K, used 1422K [0x0000000081e00000, 0x0000000087380000, 0x00000000d5f80000)
  object space 87552K, 1% used [0x0000000081e00000,0x0000000081f63910,0x0000000087380000)
 Metaspace       used 9602K, capacity 9770K, committed 9984K, reserved 1058816K
  class space    used 1112K, capacity 1182K, committed 1280K, reserved 1048576K
}
Event: 2.137 GC heap before
{Heap before GC invocations=2 (full 0):
 PSYoungGen      total 38400K, used 38105K [0x00000000d5f80000, 0x00000000d8a00000, 0x0000000100000000)
  eden space 33280K, 100% used [0x00000000d5f80000,0x00000000d8000000,0x00000000d8000000)
  from space 5120K, 94% used [0x00000000d8000000,0x00000000d84b6730,0x00000000d8500000)
  to   space 5120K, 0% used [0x00000000d8500000,0x00000000d8500000,0x00000000d8a00000)
 ParOldGen       total 87552K, used 1422K [0x0000000081e00000, 0x0000000087380000, 0x00000000d5f80000)
  object space 87552K, 1% used [0x0000000081e00000,0x0000000081f63910,0x0000000087380000)
 Metaspace       used 9730K, capacity 9898K, committed 10240K, reserved 1058816K
  class space    used 1112K, capacity 1182K, committed 1280K, reserved 1048576K
Event: 2.140 GC heap after
Heap after GC invocations=2 (full 0):
 PSYoungGen      total 38400K, used 4692K [0x00000000d5f80000, 0x00000000d8a00000, 0x0000000100000000)
  eden space 33280K, 0% used [0x00000000d5f80000,0x00000000d5f80000,0x00000000d8000000)
  from space 5120K, 91% used [0x00000000d8500000,0x00000000d8995250,0x00000000d8a00000)
  to   space 5120K, 0% used [0x00000000d8000000,0x00000000d8000000,0x00000000d8500000)
 ParOldGen       total 87552K, used 2836K [0x0000000081e00000, 0x0000000087380000, 0x00000000d5f80000)
  object space 87552K, 3% used [0x0000000081e00000,0x00000000820c5220,0x0000000087380000)
 Metaspace       used 9730K, capacity 9898K, committed 10240K, reserved 1058816K
  class space    used 1112K, capacity 1182K, committed 1280K, reserved 1048576K
}

Deoptimization events (1 events):
Event: 0.402 Thread 0x0000000003572800 Uncommon trap: reason=null_check action=make_not_entrant pc=0x00000000037ef1dc method=java.lang.String.equals(Ljava/lang/Object;)Z @ 8

Internal exceptions (10 events):
Event: 0.234 Thread 0x0000000003572800 Exception <a 'java/security/PrivilegedActionException'> (0x00000000d62d08c8) thrown at [C:\re\workspace\8-2-build-windows-amd64-cygwin\jdk8u131\8869\hotspot\src\share\vm\prims\jvm.cpp, line 1390]
Event: 0.235 Thread 0x0000000003572800 Exception <a 'java/security/PrivilegedActionException'> (0x00000000d62d3048) thrown at [C:\re\workspace\8-2-build-windows-amd64-cygwin\jdk8u131\8869\hotspot\src\share\vm\prims\jvm.cpp, line 1390]
Event: 0.235 Thread 0x0000000003572800 Exception <a 'java/security/PrivilegedActionException'> (0x00000000d62d3258) thrown at [C:\re\workspace\8-2-build-windows-amd64-cygwin\jdk8u131\8869\hotspot\src\share\vm\prims\jvm.cpp, line 1390]
Event: 0.244 Thread 0x0000000003572800 Exception <a 'java/io/FileNotFoundException'> (0x00000000d62e7640) thrown at [C:\re\workspace\8-2-build-windows-amd64-cygwin\jdk8u131\8869\hotspot\src\share\vm\prims\jni.cpp, line 709]
Event: 0.300 Thread 0x0000000003572800 Exception <a 'java/lang/NoSuchFieldError': method resolution failed> (0x00000000d6413658) thrown at [C:\re\workspace\8-2-build-windows-amd64-cygwin\jdk8u131\8869\hotspot\src\share\vm\prims\methodHandles.cpp, line 1146]
Event: 0.302 Thread 0x0000000003572800 Exception <a 'java/lang/NoSuchFieldError': method resolution failed> (0x00000000d64214d0) thrown at [C:\re\workspace\8-2-build-windows-amd64-cygwin\jdk8u131\8869\hotspot\src\share\vm\prims\methodHandles.cpp, line 1146]
Event: 0.355 Thread 0x0000000003572800 Exception <a 'java/io/FileNotFoundException'> (0x00000000d65750b0) thrown at [C:\re\workspace\8-2-build-windows-amd64-cygwin\jdk8u131\8869\hotspot\src\share\vm\prims\jni.cpp, line 709]
Event: 0.402 Thread 0x0000000003572800 Implicit null exception at 0x00000000037ef01b to 0x00000000037ef1cd
Event: 0.474 Thread 0x0000000003572800 Exception <a 'java/io/FileNotFoundException'> (0x00000000d68dd490) thrown at [C:\re\workspace\8-2-build-windows-amd64-cygwin\jdk8u131\8869\hotspot\src\share\vm\prims\jni.cpp, line 709]
Event: 0.474 Thread 0x0000000003572800 Exception <a 'java/lang/NullPointerException'> (0x00000000d68ddac8) thrown at [C:\re\workspace\8-2-build-windows-amd64-cygwin\jdk8u131\8869\hotspot\src\share\vm\interpreter\linkResolver.cpp, line 1197]

Events (10 events):
Event: 1.621 Thread 0x000000001b479800 DEOPT PACKING pc=0x0000000003880268 sp=0x000000001c8ccd80
Event: 1.621 Thread 0x000000001b479800 DEOPT UNPACKING pc=0x00000000036b787f sp=0x000000001c8cca50 mode 0
Event: 1.866 Thread 0x000000001b479800 DEOPT PACKING pc=0x00000000038d956e sp=0x000000001c8cce10
Event: 1.866 Thread 0x000000001b479800 DEOPT UNPACKING pc=0x00000000036b787f sp=0x000000001c8ccb28 mode 0
Event: 2.052 Thread 0x000000001b479800 DEOPT PACKING pc=0x00000000038712b6 sp=0x000000001c8cca30
Event: 2.052 Thread 0x000000001b479800 DEOPT UNPACKING pc=0x00000000036b787f sp=0x000000001c8cc798 mode 0
Event: 2.137 Executing VM operation: ParallelGCFailedAllocation
Event: 2.140 Executing VM operation: ParallelGCFailedAllocation done
Event: 2.567 Thread 0x000000001b479800 DEOPT PACKING pc=0x00000000038aedba sp=0x000000001c8ccec0
Event: 2.567 Thread 0x000000001b479800 DEOPT UNPACKING pc=0x00000000036b787f sp=0x000000001c8ccc88 mode 0


Dynamic libraries:
0x00007ff76f3c0000 - 0x00007ff76f3f7000 	E:\Java\jdk1.8.0_131\bin\java.exe
0x00007ff8e7300000 - 0x00007ff8e74e1000 	C:\WINDOWS\SYSTEM32\ntdll.dll
0x00007ff8e4970000 - 0x00007ff8e4a21000 	C:\WINDOWS\System32\KERNEL32.DLL
0x00007ff8e3a80000 - 0x00007ff8e3cf3000 	C:\WINDOWS\System32\KERNELBASE.dll
0x00007ff8e48c0000 - 0x00007ff8e4961000 	C:\WINDOWS\System32\ADVAPI32.dll
0x00007ff8e47c0000 - 0x00007ff8e485e000 	C:\WINDOWS\System32\msvcrt.dll
0x00007ff8e4860000 - 0x00007ff8e48bb000 	C:\WINDOWS\System32\sechost.dll
0x00007ff8e6e70000 - 0x00007ff8e6f94000 	C:\WINDOWS\System32\RPCRT4.dll
0x00007ff8e4c60000 - 0x00007ff8e4df0000 	C:\WINDOWS\System32\USER32.dll
0x00007ff8e3970000 - 0x00007ff8e3990000 	C:\WINDOWS\System32\win32u.dll
0x00007ff8e4790000 - 0x00007ff8e47b8000 	C:\WINDOWS\System32\GDI32.dll
0x00007ff8e4510000 - 0x00007ff8e46a2000 	C:\WINDOWS\System32\gdi32full.dll
0x00007ff8e39e0000 - 0x00007ff8e3a7f000 	C:\WINDOWS\System32\msvcp_win.dll
0x00007ff8e3d00000 - 0x00007ff8e3df8000 	C:\WINDOWS\System32\ucrtbase.dll
0x00007ff8d81b0000 - 0x00007ff8d8419000 	C:\WINDOWS\WinSxS\amd64_microsoft.windows.common-controls_6595b64144ccf1df_6.0.17134.706_none_fb43a2cb30647007\COMCTL32.dll
0x00007ff8e6fa0000 - 0x00007ff8e72c2000 	C:\WINDOWS\System32\combase.dll
0x00007ff8e4710000 - 0x00007ff8e478a000 	C:\WINDOWS\System32\bcryptPrimitives.dll
0x00007ff8e6e40000 - 0x00007ff8e6e6d000 	C:\WINDOWS\System32\IMM32.DLL
0x000000005fa20000 - 0x000000005faf2000 	E:\Java\jdk1.8.0_131\jre\bin\msvcr100.dll
0x000000005e3a0000 - 0x000000005ec3c000 	E:\Java\jdk1.8.0_131\jre\bin\server\jvm.dll
0x00007ff8e6ce0000 - 0x00007ff8e6ce8000 	C:\WINDOWS\System32\PSAPI.DLL
0x00007ff8dd1f0000 - 0x00007ff8dd1f9000 	C:\WINDOWS\SYSTEM32\WSOCK32.dll
0x00007ff8dcee0000 - 0x00007ff8dcf03000 	C:\WINDOWS\SYSTEM32\WINMM.dll
0x00007ff8e4a30000 - 0x00007ff8e4a9c000 	C:\WINDOWS\System32\WS2_32.dll
0x00007ff8deb30000 - 0x00007ff8deb3a000 	C:\WINDOWS\SYSTEM32\VERSION.dll
0x00007ff8dceb0000 - 0x00007ff8dceda000 	C:\WINDOWS\SYSTEM32\winmmbase.dll
0x00007ff8e3990000 - 0x00007ff8e39d9000 	C:\WINDOWS\System32\cfgmgr32.dll
0x000000005fa10000 - 0x000000005fa1f000 	E:\Java\jdk1.8.0_131\jre\bin\verify.dll
0x000000005f9e0000 - 0x000000005fa09000 	E:\Java\jdk1.8.0_131\jre\bin\java.dll
0x000000005f970000 - 0x000000005f993000 	E:\Java\jdk1.8.0_131\jre\bin\instrument.dll
0x000000005f9c0000 - 0x000000005f9d6000 	E:\Java\jdk1.8.0_131\jre\bin\zip.dll
0x00007ff8e52e0000 - 0x00007ff8e6720000 	C:\WINDOWS\System32\SHELL32.dll
0x00007ff8e69b0000 - 0x00007ff8e6a59000 	C:\WINDOWS\System32\shcore.dll
0x00007ff8e3e00000 - 0x00007ff8e450d000 	C:\WINDOWS\System32\windows.storage.dll
0x00007ff8e6950000 - 0x00007ff8e69a1000 	C:\WINDOWS\System32\shlwapi.dll
0x00007ff8e36b0000 - 0x00007ff8e36c1000 	C:\WINDOWS\System32\kernel.appcore.dll
0x00007ff8e3670000 - 0x00007ff8e368f000 	C:\WINDOWS\System32\profapi.dll
0x00007ff8e3620000 - 0x00007ff8e366c000 	C:\WINDOWS\System32\powrprof.dll
0x00007ff8e3610000 - 0x00007ff8e361a000 	C:\WINDOWS\System32\FLTLIB.DLL
0x00007ff8e3140000 - 0x00007ff8e315a000 	E:\Intellij Idea\IntelliJ IDEA Community Edition 2018.2.5\bin\breakgen64.dll
0x000000005f7d0000 - 0x000000005f7ea000 	E:\Java\jdk1.8.0_131\jre\bin\net.dll
0x00007ff8e2ad0000 - 0x00007ff8e2b36000 	C:\WINDOWS\system32\mswsock.dll
0x000000005e200000 - 0x000000005e398000 	E:\Java\jdk1.8.0_131\jre\bin\awt.dll
0x00007ff8e6c00000 - 0x00007ff8e6cc2000 	C:\WINDOWS\System32\OLEAUT32.dll
0x00007ff8e1590000 - 0x00007ff8e161b000 	C:\WINDOWS\SYSTEM32\apphelp.dll
0x00007ff8e18d0000 - 0x00007ff8e18f9000 	C:\WINDOWS\system32\DWMAPI.DLL
0x00007ff8e1700000 - 0x00007ff8e1798000 	C:\WINDOWS\system32\uxtheme.dll
0x00007ff8b7410000 - 0x00007ff8b7530000 	C:\WINDOWS\system32\opengl32.dll
0x00007ff8b73a0000 - 0x00007ff8b73cc000 	C:\WINDOWS\SYSTEM32\GLU32.dll
0x00007ff8e6730000 - 0x00007ff8e68a3000 	C:\WINDOWS\System32\MSCTF.dll
0x00007ff8e4aa0000 - 0x00007ff8e4bf1000 	C:\WINDOWS\System32\ole32.dll
0x0000000180000000 - 0x0000000180081000 	c:\program files (x86)\mydrivers\drivergenius\dghmpg64.dll
0x00007ff8e3510000 - 0x00007ff8e3538000 	C:\WINDOWS\SYSTEM32\USERENV.dll
0x00007ff8ddd50000 - 0x00007ff8ddd63000 	C:\WINDOWS\SYSTEM32\WTSAPI32.dll
0x000000005f780000 - 0x000000005f7c7000 	E:\Java\jdk1.8.0_131\jre\bin\fontmanager.dll
0x00007ff8cd800000 - 0x00007ff8cd896000 	C:\WINDOWS\System32\TextInputFramework.dll
0x00007ff8e1390000 - 0x00007ff8e146a000 	C:\WINDOWS\System32\CoreMessaging.dll
0x00007ff8cd4e0000 - 0x00007ff8cd7fe000 	C:\WINDOWS\System32\CoreUIComponents.dll
0x00007ff8e23a0000 - 0x00007ff8e23d1000 	C:\WINDOWS\SYSTEM32\ntmarta.dll
0x00007ff8df4c0000 - 0x00007ff8df60d000 	C:\WINDOWS\SYSTEM32\wintypes.dll
0x00007ff8c0980000 - 0x00007ff8c0b80000 	C:\Windows\System32\uiautomationcore.dll
0x00007ff8c6f30000 - 0x00007ff8c6f9b000 	C:\Windows\System32\OLEACC.dll
0x00007ff8e68b0000 - 0x00007ff8e6950000 	C:\WINDOWS\System32\clbcatq.dll

VM Arguments:
jvm_args: -javaagent:E:\Intellij Idea\IntelliJ IDEA Community Edition 2018.2.5\lib\idea_rt.jar=51197:E:\Intellij Idea\IntelliJ IDEA Community Edition 2018.2.5\bin -Dfile.encoding=UTF-8 
java_command: TankClient
java_class_path (initial): E:\Java\jdk1.8.0_131\jre\lib\charsets.jar;E:\Java\jdk1.8.0_131\jre\lib\deploy.jar;E:\Java\jdk1.8.0_131\jre\lib\ext\access-bridge-64.jar;E:\Java\jdk1.8.0_131\jre\lib\ext\cldrdata.jar;E:\Java\jdk1.8.0_131\jre\lib\ext\dnsns.jar;E:\Java\jdk1.8.0_131\jre\lib\ext\jaccess.jar;E:\Java\jdk1.8.0_131\jre\lib\ext\jfxrt.jar;E:\Java\jdk1.8.0_131\jre\lib\ext\localedata.jar;E:\Java\jdk1.8.0_131\jre\lib\ext\nashorn.jar;E:\Java\jdk1.8.0_131\jre\lib\ext\sunec.jar;E:\Java\jdk1.8.0_131\jre\lib\ext\sunjce_provider.jar;E:\Java\jdk1.8.0_131\jre\lib\ext\sunmscapi.jar;E:\Java\jdk1.8.0_131\jre\lib\ext\sunpkcs11.jar;E:\Java\jdk1.8.0_131\jre\lib\ext\zipfs.jar;E:\Java\jdk1.8.0_131\jre\lib\javaws.jar;E:\Java\jdk1.8.0_131\jre\lib\jce.jar;E:\Java\jdk1.8.0_131\jre\lib\jfr.jar;E:\Java\jdk1.8.0_131\jre\lib\jfxswt.jar;E:\Java\jdk1.8.0_131\jre\lib\jsse.jar;E:\Java\jdk1.8.0_131\jre\lib\management-agent.jar;E:\Java\jdk1.8.0_131\jre\lib\plugin.jar;E:\Java\jdk1.8.0_131\jre\lib\resources.jar;E:\Java\jdk1.8.0_131\jre\lib\rt.jar;E:\Java\Tank_game\out\production\Tank_game;E:\Intellij Idea\IntelliJ IDEA Community Edition 2018.2.5\lib\idea_rt.jar
Launcher Type: SUN_STANDARD

Environment Variables:
CLASSPATH=E:\LINGO64_17\Lingo17.jar
PATH=C:\Program Files (x86)\Common Files\Oracle\Java\javapath;C:\Program Files\NVIDIA GPU Computing Toolkit\CUDA\v9.1\bin;C:\Program Files\NVIDIA GPU Computing Toolkit\CUDA\v9.1\libnvvp;C:\Program Files (x86)\NVIDIA Corporation\PhysX\Common;C:\ProgramData\Oracle\Java\javapath;C:\Program Files (x86)\Intel\iCLS Client\;C:\Program Files\Intel\iCLS Client\;C:\Windows\system32;C:\Windows;C:\Windows\System32\Wbem;C:\Windows\System32\WindowsPowerShell\v1.0\;C:\Program Files (x86)\Intel\Intel(R) Management Engine Components\DAL;C:\Program Files\Intel\Intel(R) Management Engine Components\DAL;C:\Program Files (x86)\Intel\Intel(R) Management Engine Components\IPT;C:\Program Files\Intel\Intel(R) Management Engine Components\IPT;C:\Program Files (x86)\Windows Kits\8.1\Windows Performance Toolkit\;C:\WINDOWS\system32;C:\WINDOWS;C:\WINDOWS\System32\Wbem;C:\WINDOWS\System32\WindowsPowerShell\v1.0\;C:\Program Files\dotnet\;C:\Program Files\Microsoft SQL Server\130\Tools\Binn\;C:\Program Files\Microsoft SQL Server\Client SDK\ODBC\110\Tools\Binn\;C:\Program Files (x86)\Microsoft SQL Server\120\Tools\Binn\;C:\Program Files\Microsoft SQL Server\120\Tools\Binn\;C:\Program Files\Microsoft SQL Server\120\DTS\Binn\;C:\Program Files\Git\cmd;C:\Users\÷ÏÃ’Â∑\AppData\Local\Programs\Python\Python37;C:\Users\÷ÏÃ’Â∑\AppData\Local\Programs\Python\Python37\Scripts;C:\WINDOWS\system32;C:\WINDOWS;C:\WINDOWS\System32\Wbem;C:\WINDOWS\System32\WindowsPowerShell\v1.0\;C:\WINDOWS\System32\OpenSSH\;E:\runtime\win64;E:\bin;E:\polyspace\bin;E:\Matlab\runtime\win64;E:\Matlab\bin;E:\Matlab\polyspace\bin;E:\LINGO64_17\;C:\Users\÷ÏÃ’Â∑\AppData\Local\Microsoft\WindowsApps;C:\Users\÷ÏÃ’Â∑\AppData\Local\Microsoft\WindowsApps;E:\anaconda\pkgs\conda-4.5.11-py37_0\Scripts;C:\Users\÷ÏÃ’Â∑\AppData\Local\Programs\Microsoft VS Code\bin
USERNAME=÷ÏÃ’Â∑
OS=Windows_NT
PROCESSOR_IDENTIFIER=Intel64 Family 6 Model 158 Stepping 9, GenuineIntel



---------------  S Y S T E M  ---------------

OS: Windows 10.0 , 64 bit Build 17134 (10.0.17134.706)

CPU:total 8 (initial active 8) (4 cores per cpu, 2 threads per core) family 6 model 158 stepping 9, cmov, cx8, fxsr, mmx, sse, sse2, sse3, ssse3, sse4.1, sse4.2, popcnt, avx, avx2, aes, clmul, erms, 3dnowpref, lzcnt, ht, tsc, tscinvbit, bmi1, bmi2, adx

Memory: 4k page, physical 8260772k(768692k free), swap 12455076k(3428k free)

vm_info: Java HotSpot(TM) 64-Bit Server VM (25.131-b11) for windows-amd64 JRE (1.8.0_131-b11), built on Mar 15 2017 01:23:53 by "java_re" with MS VC++ 10.0 (VS2010)

time: Wed Apr 24 20:39:23 2019
elapsed time: 2 seconds (0d 0h 0m 2s)

